# JRE version: OpenJDK Runtime Environment Corretto-17.0.12.7.1 (17.0.12+7) (build 17.0.12+7-LTS)
# Java VM: OpenJDK 64-Bit Server VM Corretto-17.0.12.7.1 (17.0.12+7-LTS, mixed mode, emulated-client, sharing, tiered, compressed oops, compressed class ptrs, g1 gc, windows-amd64)
GC Precious Log:
 CPUs: 12 total, 12 available
 Memory: 16121M
 Large Page Support: Disabled
 NUMA Support: Disabled
 Compressed Oops: Enabled (Zero based)
 Heap Region Size: 2M
 Heap Min Capacity: 8M
 Heap Initial Capacity: 252M
 Heap Max Capacity: 4032M
 Pre-touch: Disabled
 Parallel Workers: 10
 Concurrent Workers: 3
 Concurrent Refinement Workers: 10
 Periodic GC: Disabled
Heap:
 garbage-first heap   total 90112K, used 27615K [0x0000000704000000, 0x0000000800000000)
  region size 2048K, 2 young (4096K), 2 survivors (4096K)
 Metaspace       used 53461K, committed 53952K, reserved 1114112K
  class space    used 7478K, committed 7680K, reserved 1048576K
GC Heap History (19 events):
Event: 0.453 GC heap before
{Heap before GC invocations=0 (full 0):
 garbage-first heap   total 258048K, used 20480K [0x0000000704000000, 0x0000000800000000)
  region size 2048K, 11 young (22528K), 0 survivors (0K)
 Metaspace       used 6237K, committed 6400K, reserved 1114112K
  class space    used 780K, committed 832K, reserved 1048576K
}
Event: 0.456 GC heap after
{Heap after GC invocations=1 (full 0):
 garbage-first heap   total 258048K, used 8683K [0x0000000704000000, 0x0000000800000000)
  region size 2048K, 2 young (4096K), 2 survivors (4096K)
 Metaspace       used 6237K, committed 6400K, reserved 1114112K
  class space    used 780K, committed 832K, reserved 1048576K
}
Event: 0.664 GC heap before
{Heap before GC invocations=1 (full 0):
 garbage-first heap   total 258048K, used 25067K [0x0000000704000000, 0x0000000800000000)
  region size 2048K, 11 young (22528K), 2 survivors (4096K)
 Metaspace       used 9985K, committed 10176K, reserved 1114112K
  class space    used 1361K, committed 1472K, reserved 1048576K
}
Event: 0.667 GC heap after
{Heap after GC invocations=2 (full 0):
 garbage-first heap   total 258048K, used 10409K [0x0000000704000000, 0x0000000800000000)
  region size 2048K, 1 young (2048K), 1 survivors (2048K)
 Metaspace       used 9985K, committed 10176K, reserved 1114112K
  class space    used 1361K, committed 1472K, reserved 1048576K
}
Event: 0.961 GC heap before
{Heap before GC invocations=2 (full 0):
 garbage-first heap   total 258048K, used 63657K [0x0000000704000000, 0x0000000800000000)
  region size 2048K, 27 young (55296K), 1 survivors (2048K)
 Metaspace       used 18997K, committed 19200K, reserved 1114112K
  class space    used 2633K, committed 2752K, reserved 1048576K
}
Event: 0.964 GC heap after
{Heap after GC invocations=3 (full 0):
 garbage-first heap   total 258048K, used 14043K [0x0000000704000000, 0x0000000800000000)
  region size 2048K, 3 young (6144K), 3 survivors (6144K)
 Metaspace       used 18997K, committed 19200K, reserved 1114112K
  class space    used 2633K, committed 2752K, reserved 1048576K
}
Event: 1.018 GC heap before
{Heap before GC invocations=3 (full 0):
 garbage-first heap   total 258048K, used 28379K [0x0000000704000000, 0x0000000800000000)
  region size 2048K, 11 young (22528K), 3 survivors (6144K)
 Metaspace       used 21272K, committed 21504K, reserved 1114112K
  class space    used 2913K, committed 3008K, reserved 1048576K
}
Event: 1.021 GC heap after
{Heap after GC invocations=4 (full 0):
 garbage-first heap   total 258048K, used 14961K [0x0000000704000000, 0x0000000800000000)
  region size 2048K, 3 young (6144K), 3 survivors (6144K)
 Metaspace       used 21272K, committed 21504K, reserved 1114112K
  class space    used 2913K, committed 3008K, reserved 1048576K
}
Event: 1.236 GC heap before
{Heap before GC invocations=5 (full 0):
 garbage-first heap   total 61440K, used 43633K [0x0000000704000000, 0x0000000800000000)
  region size 2048K, 18 young (36864K), 3 survivors (6144K)
 Metaspace       used 23519K, committed 23808K, reserved 1114112K
  class space    used 3228K, committed 3328K, reserved 1048576K
}
Event: 1.240 GC heap after
{Heap after GC invocations=6 (full 0):
 garbage-first heap   total 61440K, used 17962K [0x0000000704000000, 0x0000000800000000)
  region size 2048K, 5 young (10240K), 5 survivors (10240K)
 Metaspace       used 23519K, committed 23808K, reserved 1114112K
  class space    used 3228K, committed 3328K, reserved 1048576K
}
Event: 1.256 GC heap before
{Heap before GC invocations=6 (full 0):
 garbage-first heap   total 61440K, used 20010K [0x0000000704000000, 0x0000000800000000)
  region size 2048K, 6 young (12288K), 5 survivors (10240K)
 Metaspace       used 24147K, committed 24448K, reserved 1114112K
  class space    used 3330K, committed 3456K, reserved 1048576K
}
Event: 1.262 GC heap after
{Heap after GC invocations=7 (full 0):
 garbage-first heap   total 159744K, used 18248K [0x0000000704000000, 0x0000000800000000)
  region size 2048K, 1 young (2048K), 1 survivors (2048K)
 Metaspace       used 24147K, committed 24448K, reserved 1114112K
  class space    used 3330K, committed 3456K, reserved 1048576K
}
Event: 2.051 GC heap before
{Heap before GC invocations=7 (full 0):
 garbage-first heap   total 159744K, used 100168K [0x0000000704000000, 0x0000000800000000)
  region size 2048K, 42 young (86016K), 1 survivors (2048K)
 Metaspace       used 35554K, committed 35968K, reserved 1114112K
  class space    used 5026K, committed 5184K, reserved 1048576K
}
Event: 2.057 GC heap after
{Heap after GC invocations=8 (full 0):
 garbage-first heap   total 159744K, used 22193K [0x0000000704000000, 0x0000000800000000)
  region size 2048K, 3 young (6144K), 3 survivors (6144K)
 Metaspace       used 35554K, committed 35968K, reserved 1114112K
  class space    used 5026K, committed 5184K, reserved 1048576K
}
Event: 2.501 GC heap before
{Heap before GC invocations=9 (full 0):
 garbage-first heap   total 90112K, used 69297K [0x0000000704000000, 0x0000000800000000)
  region size 2048K, 26 young (53248K), 3 survivors (6144K)
 Metaspace       used 42683K, committed 43072K, reserved 1114112K
  class space    used 6080K, committed 6272K, reserved 1048576K
}
Event: 2.506 GC heap after
{Heap after GC invocations=10 (full 0):
 garbage-first heap   total 90112K, used 24649K [0x0000000704000000, 0x0000000800000000)
  region size 2048K, 2 young (4096K), 2 survivors (4096K)
 Metaspace       used 42683K, committed 43072K, reserved 1114112K
  class space    used 6080K, committed 6272K, reserved 1048576K
}
Event: 2.527 GC heap before
{Heap before GC invocations=10 (full 0):
 garbage-first heap   total 90112K, used 24649K [0x0000000704000000, 0x0000000800000000)
  region size 2048K, 3 young (6144K), 2 survivors (4096K)
 Metaspace       used 43082K, committed 43520K, reserved 1114112K
  class space    used 6148K, committed 6336K, reserved 1048576K
}
Event: 2.529 GC heap after
{Heap after GC invocations=11 (full 0):
 garbage-first heap   total 90112K, used 25168K [0x0000000704000000, 0x0000000800000000)
  region size 2048K, 1 young (2048K), 1 survivors (2048K)
 Metaspace       used 43082K, committed 43520K, reserved 1114112K
  class space    used 6148K, committed 6336K, reserved 1048576K
}
Event: 2.995 GC heap before
{Heap before GC invocations=11 (full 0):
 garbage-first heap   total 90112K, used 62032K [0x0000000704000000, 0x0000000800000000)
  region size 2048K, 19 young (38912K), 1 survivors (2048K)
 Metaspace       used 53461K, committed 53952K, reserved 1114112K
  class space    used 7478K, committed 7680K, reserved 1048576K
}

