# JRE version: OpenJDK Runtime Environment Corretto-17.0.12.7.1 (17.0.12+7) (build 17.0.12+7-LTS)
# Java VM: OpenJDK 64-Bit Server VM Corretto-17.0.12.7.1 (17.0.12+7-LTS, mixed mode, emulated-client, sharing, tiered, compressed oops, compressed class ptrs, g1 gc, windows-amd64)
GC Precious Log:
 CPUs: 12 total, 12 available
 Memory: 16121M
 Large Page Support: Disabled
 NUMA Support: Disabled
 Compressed Oops: Enabled (Zero based)
 Heap Region Size: 2M
 Heap Min Capacity: 8M
 Heap Initial Capacity: 252M
 Heap Max Capacity: 4032M
 Pre-touch: Disabled
 Parallel Workers: 10
 Concurrent Workers: 3
 Concurrent Refinement Workers: 10
 Periodic GC: Disabled
Heap:
 garbage-first heap   total 258048K, used 83425K [0x0000000704000000, 0x0000000800000000)
  region size 2048K, 1 young (2048K), 1 survivors (2048K)
 Metaspace       used 84587K, committed 85248K, reserved 1179648K
  class space    used 12293K, committed 12608K, reserved 1048576K
GC Heap History (20 events):
Event: 5.266 GC heap after
{Heap after GC invocations=20 (full 0):
 garbage-first heap   total 108544K, used 40410K [0x0000000704000000, 0x0000000800000000)
  region size 2048K, 3 young (6144K), 3 survivors (6144K)
 Metaspace       used 78801K, committed 79424K, reserved 1179648K
  class space    used 11464K, committed 11776K, reserved 1048576K
}
Event: 5.515 GC heap before
{Heap before GC invocations=20 (full 0):
 garbage-first heap   total 108544K, used 83418K [0x0000000704000000, 0x0000000800000000)
  region size 2048K, 24 young (49152K), 3 survivors (6144K)
 Metaspace       used 81445K, committed 82048K, reserved 1179648K
  class space    used 11814K, committed 12096K, reserved 1048576K
}
Event: 5.519 GC heap after
{Heap after GC invocations=21 (full 0):
 garbage-first heap   total 108544K, used 42536K [0x0000000704000000, 0x0000000800000000)
  region size 2048K, 3 young (6144K), 3 survivors (6144K)
 Metaspace       used 81445K, committed 82048K, reserved 1179648K
  class space    used 11814K, committed 12096K, reserved 1048576K
}
Event: 5.642 GC heap before
{Heap before GC invocations=21 (full 0):
 garbage-first heap   total 108544K, used 81448K [0x0000000704000000, 0x0000000800000000)
  region size 2048K, 23 young (47104K), 3 survivors (6144K)
 Metaspace       used 82589K, committed 83264K, reserved 1179648K
  class space    used 11951K, committed 12288K, reserved 1048576K
}
Event: 5.649 GC heap after
{Heap after GC invocations=22 (full 0):
 garbage-first heap   total 108544K, used 49487K [0x0000000704000000, 0x0000000800000000)
  region size 2048K, 3 young (6144K), 3 survivors (6144K)
 Metaspace       used 82589K, committed 83264K, reserved 1179648K
  class space    used 11951K, committed 12288K, reserved 1048576K
}
Event: 5.720 GC heap before
{Heap before GC invocations=22 (full 0):
 garbage-first heap   total 108544K, used 80207K [0x0000000704000000, 0x0000000800000000)
  region size 2048K, 19 young (38912K), 3 survivors (6144K)
 Metaspace       used 82681K, committed 83392K, reserved 1179648K
  class space    used 11964K, committed 12288K, reserved 1048576K
}
Event: 5.726 GC heap after
{Heap after GC invocations=23 (full 0):
 garbage-first heap   total 108544K, used 59392K [0x0000000704000000, 0x0000000800000000)
  region size 2048K, 3 young (6144K), 3 survivors (6144K)
 Metaspace       used 82681K, committed 83392K, reserved 1179648K
  class space    used 11964K, committed 12288K, reserved 1048576K
}
Event: 5.746 GC heap before
{Heap before GC invocations=23 (full 0):
 garbage-first heap   total 108544K, used 79872K [0x0000000704000000, 0x0000000800000000)
  region size 2048K, 14 young (28672K), 3 survivors (6144K)
 Metaspace       used 82681K, committed 83392K, reserved 1179648K
  class space    used 11964K, committed 12288K, reserved 1048576K
}
Event: 5.749 GC heap after
{Heap after GC invocations=24 (full 0):
 garbage-first heap   total 157696K, used 63893K [0x0000000704000000, 0x0000000800000000)
  region size 2048K, 2 young (4096K), 2 survivors (4096K)
 Metaspace       used 82681K, committed 83392K, reserved 1179648K
  class space    used 11964K, committed 12288K, reserved 1048576K
}
Event: 5.827 GC heap before
{Heap before GC invocations=25 (full 0):
 garbage-first heap   total 157696K, used 110997K [0x0000000704000000, 0x0000000800000000)
  region size 2048K, 26 young (53248K), 2 survivors (4096K)
 Metaspace       used 82681K, committed 83392K, reserved 1179648K
  class space    used 11964K, committed 12288K, reserved 1048576K
}
Event: 5.835 GC heap after
{Heap after GC invocations=26 (full 0):
 garbage-first heap   total 157696K, used 77824K [0x0000000704000000, 0x0000000800000000)
  region size 2048K, 4 young (8192K), 4 survivors (8192K)
 Metaspace       used 82681K, committed 83392K, reserved 1179648K
  class space    used 11964K, committed 12288K, reserved 1048576K
}
Event: 5.893 GC heap before
{Heap before GC invocations=26 (full 0):
 garbage-first heap   total 157696K, used 114688K [0x0000000704000000, 0x0000000800000000)
  region size 2048K, 23 young (47104K), 4 survivors (8192K)
 Metaspace       used 82689K, committed 83392K, reserved 1179648K
  class space    used 11966K, committed 12288K, reserved 1048576K
}
Event: 5.901 GC heap after
{Heap after GC invocations=27 (full 0):
 garbage-first heap   total 157696K, used 89473K [0x0000000704000000, 0x0000000800000000)
  region size 2048K, 3 young (6144K), 3 survivors (6144K)
 Metaspace       used 82689K, committed 83392K, reserved 1179648K
  class space    used 11966K, committed 12288K, reserved 1048576K
}
Event: 5.931 GC heap before
{Heap before GC invocations=27 (full 0):
 garbage-first heap   total 157696K, used 118145K [0x0000000704000000, 0x0000000800000000)
  region size 2048K, 17 young (34816K), 3 survivors (6144K)
 Metaspace       used 82689K, committed 83392K, reserved 1179648K
  class space    used 11966K, committed 12288K, reserved 1048576K
}
Event: 5.935 GC heap after
{Heap after GC invocations=28 (full 0):
 garbage-first heap   total 157696K, used 96256K [0x0000000704000000, 0x0000000800000000)
  region size 2048K, 3 young (6144K), 3 survivors (6144K)
 Metaspace       used 82689K, committed 83392K, reserved 1179648K
  class space    used 11966K, committed 12288K, reserved 1048576K
}
Event: 6.102 GC heap before
{Heap before GC invocations=29 (full 0):
 garbage-first heap   total 182272K, used 116736K [0x0000000704000000, 0x0000000800000000)
  region size 2048K, 16 young (32768K), 3 survivors (6144K)
 Metaspace       used 83729K, committed 84480K, reserved 1179648K
  class space    used 12184K, committed 12544K, reserved 1048576K
}
Event: 6.108 GC heap after
{Heap after GC invocations=30 (full 0):
 garbage-first heap   total 182272K, used 99496K [0x0000000704000000, 0x0000000800000000)
  region size 2048K, 2 young (4096K), 2 survivors (4096K)
 Metaspace       used 83729K, committed 84480K, reserved 1179648K
  class space    used 12184K, committed 12544K, reserved 1048576K
}
Event: 6.152 GC heap before
{Heap before GC invocations=30 (full 0):
 garbage-first heap   total 182272K, used 103592K [0x0000000704000000, 0x0000000800000000)
  region size 2048K, 4 young (8192K), 2 survivors (4096K)
 Metaspace       used 84210K, committed 84864K, reserved 1179648K
  class space    used 12238K, committed 12544K, reserved 1048576K
}
Event: 6.156 GC heap after
{Heap after GC invocations=31 (full 0):
 garbage-first heap   total 182272K, used 84291K [0x0000000704000000, 0x0000000800000000)
  region size 2048K, 1 young (2048K), 1 survivors (2048K)
 Metaspace       used 84210K, committed 84864K, reserved 1179648K
  class space    used 12238K, committed 12544K, reserved 1048576K
}
Event: 6.223 GC heap before
{Heap before GC invocations=31 (full 0):
 garbage-first heap   total 182272K, used 90435K [0x0000000704000000, 0x0000000800000000)
  region size 2048K, 4 young (8192K), 1 survivors (2048K)
 Metaspace       used 84587K, committed 85248K, reserved 1179648K
  class space    used 12293K, committed 12608K, reserved 1048576K
}

