# JRE version: OpenJDK Runtime Environment Corretto-17.0.12.7.1 (17.0.12+7) (build 17.0.12+7-LTS)
# Java VM: OpenJDK 64-Bit Server VM Corretto-17.0.12.7.1 (17.0.12+7-LTS, mixed mode, emulated-client, sharing, tiered, compressed oops, compressed class ptrs, g1 gc, windows-amd64)
GC Precious Log:
 CPUs: 12 total, 12 available
 Memory: 16121M
 Large Page Support: Disabled
 NUMA Support: Disabled
 Compressed Oops: Enabled (Zero based)
 Heap Region Size: 2M
 Heap Min Capacity: 8M
 Heap Initial Capacity: 252M
 Heap Max Capacity: 4032M
 Pre-touch: Disabled
 Parallel Workers: 10
 Concurrent Workers: 3
 Concurrent Refinement Workers: 10
 Periodic GC: Disabled
Heap:
 garbage-first heap   total 258048K, used 87892K [0x0000000704000000, 0x0000000800000000)
  region size 2048K, 3 young (6144K), 3 survivors (6144K)
 Metaspace       used 84118K, committed 84800K, reserved 1179648K
  class space    used 12221K, committed 12544K, reserved 1048576K
GC Heap History (20 events):
Event: 5.032 GC heap after
{Heap after GC invocations=18 (full 0):
 garbage-first heap   total 102400K, used 39539K [0x0000000704000000, 0x0000000800000000)
  region size 2048K, 4 young (8192K), 4 survivors (8192K)
 Metaspace       used 77617K, committed 78144K, reserved 1179648K
  class space    used 11322K, committed 11584K, reserved 1048576K
}
Event: 5.202 GC heap before
{Heap before GC invocations=18 (full 0):
 garbage-first heap   total 102400K, used 80499K [0x0000000704000000, 0x0000000800000000)
  region size 2048K, 24 young (49152K), 4 survivors (8192K)
 Metaspace       used 78445K, committed 79040K, reserved 1179648K
  class space    used 11413K, committed 11712K, reserved 1048576K
}
Event: 5.206 GC heap after
{Heap after GC invocations=19 (full 0):
 garbage-first heap   total 102400K, used 42949K [0x0000000704000000, 0x0000000800000000)
  region size 2048K, 3 young (6144K), 3 survivors (6144K)
 Metaspace       used 78445K, committed 79040K, reserved 1179648K
  class space    used 11413K, committed 11712K, reserved 1048576K
}
Event: 5.419 GC heap before
{Heap before GC invocations=19 (full 0):
 garbage-first heap   total 102400K, used 79813K [0x0000000704000000, 0x0000000800000000)
  region size 2048K, 21 young (43008K), 3 survivors (6144K)
 Metaspace       used 81040K, committed 81600K, reserved 1179648K
  class space    used 11754K, committed 12032K, reserved 1048576K
}
Event: 5.422 GC heap after
{Heap after GC invocations=20 (full 0):
 garbage-first heap   total 102400K, used 46113K [0x0000000704000000, 0x0000000800000000)
  region size 2048K, 2 young (4096K), 2 survivors (4096K)
 Metaspace       used 81040K, committed 81600K, reserved 1179648K
  class space    used 11754K, committed 12032K, reserved 1048576K
}
Event: 5.557 GC heap before
{Heap before GC invocations=20 (full 0):
 garbage-first heap   total 102400K, used 78881K [0x0000000704000000, 0x0000000800000000)
  region size 2048K, 19 young (38912K), 2 survivors (4096K)
 Metaspace       used 82229K, committed 82880K, reserved 1179648K
  class space    used 11900K, committed 12224K, reserved 1048576K
}
Event: 5.563 GC heap after
{Heap after GC invocations=21 (full 0):
 garbage-first heap   total 102400K, used 51503K [0x0000000704000000, 0x0000000800000000)
  region size 2048K, 3 young (6144K), 3 survivors (6144K)
 Metaspace       used 82229K, committed 82880K, reserved 1179648K
  class space    used 11900K, committed 12224K, reserved 1048576K
}
Event: 5.612 GC heap before
{Heap before GC invocations=21 (full 0):
 garbage-first heap   total 102400K, used 78127K [0x0000000704000000, 0x0000000800000000)
  region size 2048K, 17 young (34816K), 3 survivors (6144K)
 Metaspace       used 82242K, committed 82880K, reserved 1179648K
  class space    used 11903K, committed 12224K, reserved 1048576K
}
Event: 5.622 GC heap after
{Heap after GC invocations=22 (full 0):
 garbage-first heap   total 126976K, used 59861K [0x0000000704000000, 0x0000000800000000)
  region size 2048K, 3 young (6144K), 3 survivors (6144K)
 Metaspace       used 82242K, committed 82880K, reserved 1179648K
  class space    used 11903K, committed 12224K, reserved 1048576K
}
Event: 5.694 GC heap before
{Heap before GC invocations=23 (full 0):
 garbage-first heap   total 126976K, used 92629K [0x0000000704000000, 0x0000000800000000)
  region size 2048K, 20 young (40960K), 3 survivors (6144K)
 Metaspace       used 82312K, committed 82944K, reserved 1179648K
  class space    used 11914K, committed 12224K, reserved 1048576K
}
Event: 5.701 GC heap after
{Heap after GC invocations=24 (full 0):
 garbage-first heap   total 126976K, used 67220K [0x0000000704000000, 0x0000000800000000)
  region size 2048K, 3 young (6144K), 3 survivors (6144K)
 Metaspace       used 82312K, committed 82944K, reserved 1179648K
  class space    used 11914K, committed 12224K, reserved 1048576K
}
Event: 5.755 GC heap before
{Heap before GC invocations=24 (full 0):
 garbage-first heap   total 126976K, used 91796K [0x0000000704000000, 0x0000000800000000)
  region size 2048K, 16 young (32768K), 3 survivors (6144K)
 Metaspace       used 82312K, committed 82944K, reserved 1179648K
  class space    used 11914K, committed 12224K, reserved 1048576K
}
Event: 5.756 GC heap after
{Heap after GC invocations=25 (full 0):
 garbage-first heap   total 126976K, used 65303K [0x0000000704000000, 0x0000000800000000)
  region size 2048K, 1 young (2048K), 1 survivors (2048K)
 Metaspace       used 82312K, committed 82944K, reserved 1179648K
  class space    used 11914K, committed 12224K, reserved 1048576K
}
Event: 5.792 GC heap before
{Heap before GC invocations=25 (full 0):
 garbage-first heap   total 163840K, used 93975K [0x0000000704000000, 0x0000000800000000)
  region size 2048K, 16 young (32768K), 1 survivors (2048K)
 Metaspace       used 82312K, committed 82944K, reserved 1179648K
  class space    used 11914K, committed 12224K, reserved 1048576K
}
Event: 5.796 GC heap after
{Heap after GC invocations=26 (full 0):
 garbage-first heap   total 163840K, used 71139K [0x0000000704000000, 0x0000000800000000)
  region size 2048K, 2 young (4096K), 2 survivors (4096K)
 Metaspace       used 82312K, committed 82944K, reserved 1179648K
  class space    used 11914K, committed 12224K, reserved 1048576K
}
Event: 5.862 GC heap before
{Heap before GC invocations=27 (full 0):
 garbage-first heap   total 163840K, used 118243K [0x0000000704000000, 0x0000000800000000)
  region size 2048K, 26 young (53248K), 2 survivors (4096K)
 Metaspace       used 82321K, committed 82944K, reserved 1179648K
  class space    used 11915K, committed 12224K, reserved 1048576K
}
Event: 5.868 GC heap after
{Heap after GC invocations=28 (full 0):
 garbage-first heap   total 163840K, used 82765K [0x0000000704000000, 0x0000000800000000)
  region size 2048K, 4 young (8192K), 4 survivors (8192K)
 Metaspace       used 82321K, committed 82944K, reserved 1179648K
  class space    used 11915K, committed 12224K, reserved 1048576K
}
Event: 5.870 GC heap before
{Heap before GC invocations=28 (full 0):
 garbage-first heap   total 163840K, used 82765K [0x0000000704000000, 0x0000000800000000)
  region size 2048K, 5 young (10240K), 4 survivors (8192K)
 Metaspace       used 82321K, committed 82944K, reserved 1179648K
  class space    used 11915K, committed 12224K, reserved 1048576K
}
Event: 5.875 GC heap after
{Heap after GC invocations=29 (full 0):
 garbage-first heap   total 163840K, used 78744K [0x0000000704000000, 0x0000000800000000)
  region size 2048K, 1 young (2048K), 1 survivors (2048K)
 Metaspace       used 82321K, committed 82944K, reserved 1179648K
  class space    used 11915K, committed 12224K, reserved 1048576K
}
Event: 6.091 GC heap before
{Heap before GC invocations=29 (full 0):
 garbage-first heap   total 163840K, used 119704K [0x0000000704000000, 0x0000000800000000)
  region size 2048K, 22 young (45056K), 1 survivors (2048K)
 Metaspace       used 84118K, committed 84800K, reserved 1179648K
  class space    used 12221K, committed 12544K, reserved 1048576K
}

