# JRE version: OpenJDK Runtime Environment Corretto-17.0.12.7.1 (17.0.12+7) (build 17.0.12+7-LTS)
# Java VM: OpenJDK 64-Bit Server VM Corretto-17.0.12.7.1 (17.0.12+7-LTS, mixed mode, emulated-client, sharing, tiered, compressed oops, compressed class ptrs, g1 gc, windows-amd64)
GC Precious Log:
 CPUs: 12 total, 12 available
 Memory: 16121M
 Large Page Support: Disabled
 NUMA Support: Disabled
 Compressed Oops: Enabled (Zero based)
 Heap Region Size: 2M
 Heap Min Capacity: 8M
 Heap Initial Capacity: 252M
 Heap Max Capacity: 4032M
 Pre-touch: Disabled
 Parallel Workers: 10
 Concurrent Workers: 3
 Concurrent Refinement Workers: 10
 Periodic GC: Disabled
Heap:
 garbage-first heap   total 258048K, used 71643K [0x0000000704000000, 0x0000000800000000)
  region size 2048K, 1 young (2048K), 1 survivors (2048K)
 Metaspace       used 95154K, committed 96000K, reserved 1179648K
  class space    used 13773K, committed 14144K, reserved 1048576K
GC Heap History (20 events):
Event: 5.009 GC heap after
{Heap after GC invocations=20 (full 0):
 garbage-first heap   total 116736K, used 41036K [0x0000000704000000, 0x0000000800000000)
  region size 2048K, 2 young (4096K), 2 survivors (4096K)
 Metaspace       used 78568K, committed 79168K, reserved 1179648K
  class space    used 11426K, committed 11712K, reserved 1048576K
}
Event: 5.301 GC heap before
{Heap before GC invocations=20 (full 0):
 garbage-first heap   total 116736K, used 92236K [0x0000000704000000, 0x0000000800000000)
  region size 2048K, 27 young (55296K), 2 survivors (4096K)
 Metaspace       used 82168K, committed 82752K, reserved 1179648K
  class space    used 11896K, committed 12160K, reserved 1048576K
}
Event: 5.306 GC heap after
{Heap after GC invocations=21 (full 0):
 garbage-first heap   total 116736K, used 43649K [0x0000000704000000, 0x0000000800000000)
  region size 2048K, 4 young (8192K), 4 survivors (8192K)
 Metaspace       used 82168K, committed 82752K, reserved 1179648K
  class space    used 11896K, committed 12160K, reserved 1048576K
}
Event: 5.375 GC heap before
{Heap before GC invocations=21 (full 0):
 garbage-first heap   total 116736K, used 88705K [0x0000000704000000, 0x0000000800000000)
  region size 2048K, 27 young (55296K), 4 survivors (8192K)
 Metaspace       used 82367K, committed 83008K, reserved 1179648K
  class space    used 11916K, committed 12224K, reserved 1048576K
}
Event: 5.381 GC heap after
{Heap after GC invocations=22 (full 0):
 garbage-first heap   total 116736K, used 53461K [0x0000000704000000, 0x0000000800000000)
  region size 2048K, 4 young (8192K), 4 survivors (8192K)
 Metaspace       used 82367K, committed 83008K, reserved 1179648K
  class space    used 11916K, committed 12224K, reserved 1048576K
}
Event: 5.433 GC heap before
{Heap before GC invocations=22 (full 0):
 garbage-first heap   total 116736K, used 86229K [0x0000000704000000, 0x0000000800000000)
  region size 2048K, 21 young (43008K), 4 survivors (8192K)
 Metaspace       used 82446K, committed 83072K, reserved 1179648K
  class space    used 11927K, committed 12224K, reserved 1048576K
}
Event: 5.439 GC heap after
{Heap after GC invocations=23 (full 0):
 garbage-first heap   total 192512K, used 62547K [0x0000000704000000, 0x0000000800000000)
  region size 2048K, 3 young (6144K), 3 survivors (6144K)
 Metaspace       used 82446K, committed 83072K, reserved 1179648K
  class space    used 11927K, committed 12224K, reserved 1048576K
}
Event: 5.527 GC heap before
{Heap before GC invocations=23 (full 0):
 garbage-first heap   total 192512K, used 128083K [0x0000000704000000, 0x0000000800000000)
  region size 2048K, 36 young (73728K), 3 survivors (6144K)
 Metaspace       used 82446K, committed 83072K, reserved 1179648K
  class space    used 11927K, committed 12224K, reserved 1048576K
}
Event: 5.536 GC heap after
{Heap after GC invocations=24 (full 0):
 garbage-first heap   total 192512K, used 78733K [0x0000000704000000, 0x0000000800000000)
  region size 2048K, 5 young (10240K), 5 survivors (10240K)
 Metaspace       used 82446K, committed 83072K, reserved 1179648K
  class space    used 11927K, committed 12224K, reserved 1048576K
}
Event: 5.605 GC heap before
{Heap before GC invocations=24 (full 0):
 garbage-first heap   total 192512K, used 134029K [0x0000000704000000, 0x0000000800000000)
  region size 2048K, 33 young (67584K), 5 survivors (10240K)
 Metaspace       used 82455K, committed 83072K, reserved 1179648K
  class space    used 11929K, committed 12224K, reserved 1048576K
}
Event: 5.614 GC heap after
{Heap after GC invocations=25 (full 0):
 garbage-first heap   total 192512K, used 94208K [0x0000000704000000, 0x0000000800000000)
  region size 2048K, 5 young (10240K), 5 survivors (10240K)
 Metaspace       used 82455K, committed 83072K, reserved 1179648K
  class space    used 11929K, committed 12224K, reserved 1048576K
}
Event: 9.978 GC heap before
{Heap before GC invocations=25 (full 0):
 garbage-first heap   total 192512K, used 139264K [0x0000000704000000, 0x0000000800000000)
  region size 2048K, 28 young (57344K), 5 survivors (10240K)
 Metaspace       used 86447K, committed 87104K, reserved 1179648K
  class space    used 12494K, committed 12800K, reserved 1048576K
}
Event: 9.988 GC heap after
{Heap after GC invocations=26 (full 0):
 garbage-first heap   total 192512K, used 104064K [0x0000000704000000, 0x0000000800000000)
  region size 2048K, 4 young (8192K), 4 survivors (8192K)
 Metaspace       used 86447K, committed 87104K, reserved 1179648K
  class space    used 12494K, committed 12800K, reserved 1048576K
}
Event: 10.594 GC heap before
{Heap before GC invocations=26 (full 0):
 garbage-first heap   total 192512K, used 145024K [0x0000000704000000, 0x0000000800000000)
  region size 2048K, 25 young (51200K), 4 survivors (8192K)
 Metaspace       used 89652K, committed 90368K, reserved 1179648K
  class space    used 13025K, committed 13376K, reserved 1048576K
}
Event: 10.599 GC heap after
{Heap after GC invocations=27 (full 0):
 garbage-first heap   total 192512K, used 108159K [0x0000000704000000, 0x0000000800000000)
  region size 2048K, 2 young (4096K), 2 survivors (4096K)
 Metaspace       used 89652K, committed 90368K, reserved 1179648K
  class space    used 13025K, committed 13376K, reserved 1048576K
}
Event: 55.443 GC heap before
{Heap before GC invocations=28 (full 0):
 garbage-first heap   total 192512K, used 142975K [0x0000000704000000, 0x0000000800000000)
  region size 2048K, 22 young (45056K), 2 survivors (4096K)
 Metaspace       used 93645K, committed 94464K, reserved 1179648K
  class space    used 13645K, committed 14016K, reserved 1048576K
}
Event: 55.446 GC heap after
{Heap after GC invocations=29 (full 0):
 garbage-first heap   total 192512K, used 105871K [0x0000000704000000, 0x0000000800000000)
  region size 2048K, 3 young (6144K), 3 survivors (6144K)
 Metaspace       used 93645K, committed 94464K, reserved 1179648K
  class space    used 13645K, committed 14016K, reserved 1048576K
}
Event: 55.467 GC heap before
{Heap before GC invocations=29 (full 0):
 garbage-first heap   total 192512K, used 107919K [0x0000000704000000, 0x0000000800000000)
  region size 2048K, 4 young (8192K), 3 survivors (6144K)
 Metaspace       used 93645K, committed 94464K, reserved 1179648K
  class space    used 13645K, committed 14016K, reserved 1048576K
}
Event: 55.470 GC heap after
{Heap after GC invocations=30 (full 0):
 garbage-first heap   total 192512K, used 86616K [0x0000000704000000, 0x0000000800000000)
  region size 2048K, 1 young (2048K), 1 survivors (2048K)
 Metaspace       used 93645K, committed 94464K, reserved 1179648K
  class space    used 13645K, committed 14016K, reserved 1048576K
}
Event: 55.520 GC heap before
{Heap before GC invocations=30 (full 0):
 garbage-first heap   total 192512K, used 90712K [0x0000000704000000, 0x0000000800000000)
  region size 2048K, 4 young (8192K), 1 survivors (2048K)
 Metaspace       used 95154K, committed 96000K, reserved 1179648K
  class space    used 13773K, committed 14144K, reserved 1048576K
}

